{"C:\\Users\\GIGABYTE\\Desktop\\ch\\backend\\src\\common\\guards\\supabase-auth.guard.ts": {"path":"C:\\Users\\GIGABYTE\\Desktop\\ch\\backend\\src\\common\\guards\\supabase-auth.guard.ts","statementMap":{"0":{"start":{"line":1,"column":0},"end":{"line":1,"column":null}},"1":{"start":{"line":7,"column":0},"end":{"line":7,"column":53}},"2":{"start":{"line":10,"column":7},"end":{"line":35,"column":null}},"3":{"start":{"line":11,"column":10},"end":{"line":14,"column":4}},"4":{"start":{"line":17,"column":20},"end":{"line":17,"column":55}},"5":{"start":{"line":18,"column":23},"end":{"line":18,"column":52}},"6":{"start":{"line":20,"column":4},"end":{"line":23,"column":5}},"7":{"start":{"line":21,"column":6},"end":{"line":21,"column":41}},"8":{"start":{"line":22,"column":6},"end":{"line":22,"column":18}},"9":{"start":{"line":25,"column":18},"end":{"line":25,"column":42}},"10":{"start":{"line":26,"column":28},"end":{"line":26,"column":67}},"11":{"start":{"line":28,"column":4},"end":{"line":30,"column":5}},"12":{"start":{"line":29,"column":6},"end":{"line":29,"column":85}},"13":{"start":{"line":32,"column":4},"end":{"line":32,"column":29}},"14":{"start":{"line":33,"column":4},"end":{"line":33,"column":16}},"15":{"start":{"line":10,"column":13},"end":{"line":10,"column":30}},"16":{"start":{"line":10,"column":13},"end":{"line":35,"column":null}}},"fnMap":{"0":{"name":"(anonymous_1)","decl":{"start":{"line":10,"column":7},"end":{"line":10,"column":13}},"loc":{"start":{"line":10,"column":7},"end":{"line":35,"column":1}}},"1":{"name":"(anonymous_2)","decl":{"start":{"line":16,"column":2},"end":{"line":16,"column":7}},"loc":{"start":{"line":16,"column":45},"end":{"line":34,"column":3}}}},"branchMap":{"0":{"loc":{"start":{"line":12,"column":4},"end":{"line":12,"column":74}},"type":"binary-expr","locations":[{"start":{"line":12,"column":4},"end":{"line":12,"column":28}},{"start":{"line":12,"column":32},"end":{"line":12,"column":74}}]},"1":{"loc":{"start":{"line":13,"column":4},"end":{"line":13,"column":247}},"type":"binary-expr","locations":[{"start":{"line":13,"column":4},"end":{"line":13,"column":33}},{"start":{"line":13,"column":37},"end":{"line":13,"column":247}}]},"2":{"loc":{"start":{"line":20,"column":4},"end":{"line":23,"column":5}},"type":"if","locations":[{"start":{"line":20,"column":4},"end":{"line":23,"column":5}},{"start":{},"end":{}}]},"3":{"loc":{"start":{"line":20,"column":8},"end":{"line":20,"column":56}},"type":"binary-expr","locations":[{"start":{"line":20,"column":8},"end":{"line":20,"column":19}},{"start":{"line":20,"column":23},"end":{"line":20,"column":56}}]},"4":{"loc":{"start":{"line":28,"column":4},"end":{"line":30,"column":5}},"type":"if","locations":[{"start":{"line":28,"column":4},"end":{"line":30,"column":5}},{"start":{},"end":{}}]},"5":{"loc":{"start":{"line":28,"column":8},"end":{"line":28,"column":27}},"type":"binary-expr","locations":[{"start":{"line":28,"column":8},"end":{"line":28,"column":13}},{"start":{"line":28,"column":17},"end":{"line":28,"column":27}}]}},"s":{"0":0,"1":0,"2":0,"3":0,"4":0,"5":0,"6":0,"7":0,"8":0,"9":0,"10":0,"11":0,"12":0,"13":0,"14":0,"15":0,"16":0},"f":{"0":0,"1":0},"b":{"0":[0,0],"1":[0,0],"2":[0,0],"3":[0,0],"4":[0,0],"5":[0,0]}}
,"C:\\Users\\GIGABYTE\\Desktop\\ch\\backend\\src\\modules\\analytics\\analytics.controller.ts": {"path":"C:\\Users\\GIGABYTE\\Desktop\\ch\\backend\\src\\modules\\analytics\\analytics.controller.ts","statementMap":{"0":{"start":{"line":1,"column":0},"end":{"line":1,"column":65}},"1":{"start":{"line":2,"column":0},"end":{"line":2,"column":55}},"2":{"start":{"line":5,"column":7},"end":{"line":15,"column":null}},"3":{"start":{"line":6,"column":31},"end":{"line":6,"column":49}},"4":{"start":{"line":13,"column":4},"end":{"line":13,"column":69}},"5":{"start":{"line":5,"column":13},"end":{"line":5,"column":32}},"6":{"start":{"line":9,"column":8},"end":{"line":14,"column":null}},"7":{"start":{"line":5,"column":13},"end":{"line":15,"column":null}}},"fnMap":{"0":{"name":"(anonymous_4)","decl":{"start":{"line":6,"column":2},"end":{"line":6,"column":31}},"loc":{"start":{"line":6,"column":65},"end":{"line":6,"column":69}}},"1":{"name":"(anonymous_5)","decl":{"start":{"line":9,"column":8},"end":{"line":9,"column":18}},"loc":{"start":{"line":11,"column":67},"end":{"line":14,"column":3}}}},"branchMap":{"0":{"loc":{"start":{"line":11,"column":24},"end":{"line":11,"column":67}},"type":"default-arg","locations":[{"start":{"line":11,"column":62},"end":{"line":11,"column":67}}]}},"s":{"0":0,"1":0,"2":0,"3":0,"4":0,"5":0,"6":0,"7":0},"f":{"0":0,"1":0},"b":{"0":[0]}}
,"C:\\Users\\GIGABYTE\\Desktop\\ch\\backend\\src\\modules\\analytics\\analytics.service.ts": {"path":"C:\\Users\\GIGABYTE\\Desktop\\ch\\backend\\src\\modules\\analytics\\analytics.service.ts","statementMap":{"0":{"start":{"line":1,"column":0},"end":{"line":1,"column":44}},"1":{"start":{"line":2,"column":0},"end":{"line":2,"column":54}},"2":{"start":{"line":15,"column":7},"end":{"line":155,"column":null}},"3":{"start":{"line":16,"column":31},"end":{"line":16,"column":45}},"4":{"start":{"line":19,"column":20},"end":{"line":19,"column":62}},"5":{"start":{"line":20,"column":29},"end":{"line":20,"column":73}},"6":{"start":{"line":22,"column":21},"end":{"line":22,"column":59}},"7":{"start":{"line":23,"column":25},"end":{"line":23,"column":35}},"8":{"start":{"line":24,"column":4},"end":{"line":24,"column":53}},"9":{"start":{"line":25,"column":25},"end":{"line":25,"column":65}},"10":{"start":{"line":27,"column":23},"end":{"line":27,"column":24}},"11":{"start":{"line":28,"column":22},"end":{"line":28,"column":23}},"12":{"start":{"line":29,"column":27},"end":{"line":29,"column":28}},"13":{"start":{"line":31,"column":4},"end":{"line":38,"column":7}},"14":{"start":{"line":32,"column":6},"end":{"line":37,"column":7}},"15":{"start":{"line":33,"column":8},"end":{"line":33,"column":40}},"16":{"start":{"line":34,"column":8},"end":{"line":34,"column":25}},"17":{"start":{"line":35,"column":13},"end":{"line":37,"column":7}},"18":{"start":{"line":36,"column":8},"end":{"line":36,"column":44}},"19":{"start":{"line":40,"column":32},"end":{"line":40,"column":98}},"20":{"start":{"line":43,"column":23},"end":{"line":43,"column":52}},"21":{"start":{"line":46,"column":20},"end":{"line":46,"column":45}},"22":{"start":{"line":47,"column":4},"end":{"line":49,"column":7}},"23":{"start":{"line":48,"column":6},"end":{"line":48,"column":82}},"24":{"start":{"line":52,"column":22},"end":{"line":52,"column":73}},"25":{"start":{"line":54,"column":4},"end":{"line":62,"column":6}},"26":{"start":{"line":66,"column":4},"end":{"line":66,"column":39}},"27":{"start":{"line":66,"column":30},"end":{"line":66,"column":39}},"28":{"start":{"line":68,"column":24},"end":{"line":68,"column":88}},"29":{"start":{"line":68,"column":62},"end":{"line":68,"column":68}},"30":{"start":{"line":69,"column":21},"end":{"line":69,"column":59}},"31":{"start":{"line":70,"column":25},"end":{"line":70,"column":35}},"32":{"start":{"line":71,"column":4},"end":{"line":71,"column":53}},"33":{"start":{"line":72,"column":25},"end":{"line":72,"column":65}},"34":{"start":{"line":74,"column":17},"end":{"line":74,"column":18}},"35":{"start":{"line":75,"column":20},"end":{"line":75,"column":30}},"36":{"start":{"line":77,"column":4},"end":{"line":91,"column":5}},"37":{"start":{"line":78,"column":6},"end":{"line":80,"column":7}},"38":{"start":{"line":79,"column":8},"end":{"line":79,"column":33}},"39":{"start":{"line":82,"column":6},"end":{"line":90,"column":7}},"40":{"start":{"line":83,"column":24},"end":{"line":83,"column":61}},"41":{"start":{"line":84,"column":8},"end":{"line":89,"column":9}},"42":{"start":{"line":85,"column":10},"end":{"line":85,"column":19}},"43":{"start":{"line":86,"column":10},"end":{"line":86,"column":53}},"44":{"start":{"line":88,"column":10},"end":{"line":88,"column":16}},"45":{"start":{"line":93,"column":4},"end":{"line":93,"column":18}},"46":{"start":{"line":97,"column":21},"end":{"line":97,"column":46}},"47":{"start":{"line":99,"column":4},"end":{"line":151,"column":5}},"48":{"start":{"line":100,"column":6},"end":{"line":108,"column":7}},"49":{"start":{"line":100,"column":19},"end":{"line":100,"column":20}},"50":{"start":{"line":101,"column":18},"end":{"line":101,"column":28}},"51":{"start":{"line":102,"column":8},"end":{"line":102,"column":35}},"52":{"start":{"line":103,"column":20},"end":{"line":103,"column":71}},"53":{"start":{"line":104,"column":24},"end":{"line":104,"column":53}},"54":{"start":{"line":106,"column":25},"end":{"line":106,"column":50}},"55":{"start":{"line":107,"column":8},"end":{"line":107,"column":36}},"56":{"start":{"line":109,"column":11},"end":{"line":151,"column":5}},"57":{"start":{"line":110,"column":18},"end":{"line":110,"column":28}},"58":{"start":{"line":111,"column":6},"end":{"line":135,"column":7}},"59":{"start":{"line":111,"column":19},"end":{"line":111,"column":20}},"60":{"start":{"line":112,"column":24},"end":{"line":112,"column":29}},"61":{"start":{"line":113,"column":22},"end":{"line":113,"column":42}},"62":{"start":{"line":114,"column":27},"end":{"line":114,"column":32}},"63":{"start":{"line":115,"column":29},"end":{"line":115,"column":44}},"64":{"start":{"line":117,"column":26},"end":{"line":117,"column":36}},"65":{"start":{"line":118,"column":8},"end":{"line":118,"column":56}},"66":{"start":{"line":119,"column":8},"end":{"line":119,"column":39}},"67":{"start":{"line":121,"column":24},"end":{"line":121,"column":34}},"68":{"start":{"line":122,"column":8},"end":{"line":122,"column":52}},"69":{"start":{"line":123,"column":8},"end":{"line":123,"column":42}},"70":{"start":{"line":125,"column":24},"end":{"line":125,"column":25}},"71":{"start":{"line":126,"column":8},"end":{"line":133,"column":11}},"72":{"start":{"line":127,"column":10},"end":{"line":132,"column":11}},"73":{"start":{"line":128,"column":28},"end":{"line":128,"column":46}},"74":{"start":{"line":129,"column":12},"end":{"line":131,"column":13}},"75":{"start":{"line":130,"column":14},"end":{"line":130,"column":40}},"76":{"start":{"line":134,"column":8},"end":{"line":134,"column":39}},"77":{"start":{"line":137,"column":6},"end":{"line":150,"column":7}},"78":{"start":{"line":137,"column":19},"end":{"line":137,"column":20}},"79":{"start":{"line":138,"column":18},"end":{"line":138,"column":28}},"80":{"start":{"line":139,"column":8},"end":{"line":139,"column":37}},"81":{"start":{"line":140,"column":22},"end":{"line":140,"column":71}},"82":{"start":{"line":141,"column":26},"end":{"line":141,"column":91}},"83":{"start":{"line":143,"column":25},"end":{"line":143,"column":26}},"84":{"start":{"line":144,"column":8},"end":{"line":148,"column":11}},"85":{"start":{"line":145,"column":10},"end":{"line":147,"column":11}},"86":{"start":{"line":146,"column":12},"end":{"line":146,"column":39}},"87":{"start":{"line":149,"column":8},"end":{"line":149,"column":40}},"88":{"start":{"line":153,"column":4},"end":{"line":153,"column":86}},"89":{"start":{"line":153,"column":67},"end":{"line":153,"column":83}},"90":{"start":{"line":15,"column":13},"end":{"line":15,"column":29}},"91":{"start":{"line":15,"column":13},"end":{"line":155,"column":null}}},"fnMap":{"0":{"name":"(anonymous_2)","decl":{"start":{"line":16,"column":2},"end":{"line":16,"column":31}},"loc":{"start":{"line":16,"column":57},"end":{"line":16,"column":61}}},"1":{"name":"(anonymous_3)","decl":{"start":{"line":18,"column":2},"end":{"line":18,"column":7}},"loc":{"start":{"line":18,"column":79},"end":{"line":63,"column":3}}},"2":{"name":"(anonymous_4)","decl":{"start":{"line":31,"column":20},"end":{"line":31,"column":21}},"loc":{"start":{"line":31,"column":31},"end":{"line":38,"column":5}}},"3":{"name":"(anonymous_5)","decl":{"start":{"line":47,"column":20},"end":{"line":47,"column":21}},"loc":{"start":{"line":47,"column":31},"end":{"line":49,"column":5}}},"4":{"name":"(anonymous_6)","decl":{"start":{"line":65,"column":10},"end":{"line":65,"column":25}},"loc":{"start":{"line":65,"column":40},"end":{"line":94,"column":3}}},"5":{"name":"(anonymous_7)","decl":{"start":{"line":68,"column":55},"end":{"line":68,"column":56}},"loc":{"start":{"line":68,"column":62},"end":{"line":68,"column":68}}},"6":{"name":"(anonymous_8)","decl":{"start":{"line":96,"column":10},"end":{"line":96,"column":27}},"loc":{"start":{"line":96,"column":109},"end":{"line":154,"column":3}}},"7":{"name":"(anonymous_9)","decl":{"start":{"line":126,"column":24},"end":{"line":126,"column":25}},"loc":{"start":{"line":126,"column":32},"end":{"line":133,"column":9}}},"8":{"name":"(anonymous_10)","decl":{"start":{"line":144,"column":24},"end":{"line":144,"column":25}},"loc":{"start":{"line":144,"column":32},"end":{"line":148,"column":9}}},"9":{"name":"(anonymous_11)","decl":{"start":{"line":153,"column":46},"end":{"line":153,"column":47}},"loc":{"start":{"line":153,"column":67},"end":{"line":153,"column":83}}}},"branchMap":{"0":{"loc":{"start":{"line":18,"column":36},"end":{"line":18,"column":79}},"type":"default-arg","locations":[{"start":{"line":18,"column":74},"end":{"line":18,"column":79}}]},"1":{"loc":{"start":{"line":32,"column":6},"end":{"line":37,"column":7}},"type":"if","locations":[{"start":{"line":32,"column":6},"end":{"line":37,"column":7}},{"start":{"line":35,"column":13},"end":{"line":37,"column":7}}]},"2":{"loc":{"start":{"line":35,"column":13},"end":{"line":37,"column":7}},"type":"if","locations":[{"start":{"line":35,"column":13},"end":{"line":37,"column":7}},{"start":{},"end":{}}]},"3":{"loc":{"start":{"line":48,"column":32},"end":{"line":48,"column":61}},"type":"binary-expr","locations":[{"start":{"line":48,"column":32},"end":{"line":48,"column":56}},{"start":{"line":48,"column":60},"end":{"line":48,"column":61}}]},"4":{"loc":{"start":{"line":66,"column":4},"end":{"line":66,"column":39}},"type":"if","locations":[{"start":{"line":66,"column":4},"end":{"line":66,"column":39}},{"start":{},"end":{}}]},"5":{"loc":{"start":{"line":77,"column":4},"end":{"line":91,"column":5}},"type":"if","locations":[{"start":{"line":77,"column":4},"end":{"line":91,"column":5}},{"start":{},"end":{}}]},"6":{"loc":{"start":{"line":77,"column":8},"end":{"line":77,"column":76}},"type":"binary-expr","locations":[{"start":{"line":77,"column":8},"end":{"line":77,"column":38}},{"start":{"line":77,"column":42},"end":{"line":77,"column":76}}]},"7":{"loc":{"start":{"line":78,"column":6},"end":{"line":80,"column":7}},"type":"if","locations":[{"start":{"line":78,"column":6},"end":{"line":80,"column":7}},{"start":{},"end":{}}]},"8":{"loc":{"start":{"line":84,"column":8},"end":{"line":89,"column":9}},"type":"if","locations":[{"start":{"line":84,"column":8},"end":{"line":89,"column":9}},{"start":{"line":87,"column":15},"end":{"line":89,"column":9}}]},"9":{"loc":{"start":{"line":99,"column":4},"end":{"line":151,"column":5}},"type":"if","locations":[{"start":{"line":99,"column":4},"end":{"line":151,"column":5}},{"start":{"line":109,"column":11},"end":{"line":151,"column":5}}]},"10":{"loc":{"start":{"line":106,"column":25},"end":{"line":106,"column":50}},"type":"binary-expr","locations":[{"start":{"line":106,"column":25},"end":{"line":106,"column":45}},{"start":{"line":106,"column":49},"end":{"line":106,"column":50}}]},"11":{"loc":{"start":{"line":109,"column":11},"end":{"line":151,"column":5}},"type":"if","locations":[{"start":{"line":109,"column":11},"end":{"line":151,"column":5}},{"start":{"line":136,"column":11},"end":{"line":151,"column":5}}]},"12":{"loc":{"start":{"line":127,"column":10},"end":{"line":132,"column":11}},"type":"if","locations":[{"start":{"line":127,"column":10},"end":{"line":132,"column":11}},{"start":{},"end":{}}]},"13":{"loc":{"start":{"line":129,"column":12},"end":{"line":131,"column":13}},"type":"if","locations":[{"start":{"line":129,"column":12},"end":{"line":131,"column":13}},{"start":{},"end":{}}]},"14":{"loc":{"start":{"line":129,"column":16},"end":{"line":129,"column":58}},"type":"binary-expr","locations":[{"start":{"line":129,"column":16},"end":{"line":129,"column":36}},{"start":{"line":129,"column":40},"end":{"line":129,"column":58}}]},"15":{"loc":{"start":{"line":145,"column":10},"end":{"line":147,"column":11}},"type":"if","locations":[{"start":{"line":145,"column":10},"end":{"line":147,"column":11}},{"start":{},"end":{}}]},"16":{"loc":{"start":{"line":145,"column":14},"end":{"line":145,"column":56}},"type":"binary-expr","locations":[{"start":{"line":145,"column":14},"end":{"line":145,"column":22}},{"start":{"line":145,"column":26},"end":{"line":145,"column":56}}]}},"s":{"0":1,"1":1,"2":1,"3":5,"4":4,"5":4,"6":4,"7":4,"8":4,"9":4,"10":4,"11":4,"12":4,"13":4,"14":9,"15":6,"16":6,"17":3,"18":3,"19":4,"20":4,"21":4,"22":4,"23":9,"24":4,"25":4,"26":4,"27":1,"28":3,"29":9,"30":3,"31":3,"32":3,"33":3,"34":3,"35":3,"36":3,"37":3,"38":0,"39":3,"40":9,"41":9,"42":6,"43":6,"44":3,"45":3,"46":4,"47":4,"48":2,"49":2,"50":14,"51":14,"52":14,"53":14,"54":14,"55":14,"56":2,"57":1,"58":1,"59":1,"60":4,"61":4,"62":4,"63":4,"64":4,"65":4,"66":4,"67":4,"68":4,"69":4,"70":4,"71":4,"72":12,"73":12,"74":12,"75":3,"76":4,"77":1,"78":1,"79":6,"80":6,"81":6,"82":6,"83":6,"84":6,"85":18,"86":3,"87":6,"88":4,"89":24,"90":1,"91":1},"f":{"0":5,"1":4,"2":9,"3":9,"4":4,"5":9,"6":4,"7":12,"8":18,"9":24},"b":{"0":[0],"1":[6,3],"2":[3,0],"3":[9,6],"4":[1,3],"5":[3,0],"6":[3,0],"7":[0,3],"8":[6,3],"9":[2,2],"10":[14,12],"11":[1,1],"12":[12,0],"13":[3,9],"14":[12,12],"15":[3,15],"16":[18,18]}}
,"C:\\Users\\GIGABYTE\\Desktop\\ch\\backend\\src\\modules\\focus\\focus.controller.ts": {"path":"C:\\Users\\GIGABYTE\\Desktop\\ch\\backend\\src\\modules\\focus\\focus.controller.ts","statementMap":{"0":{"start":{"line":1,"column":0},"end":{"line":1,"column":null}},"1":{"start":{"line":13,"column":0},"end":{"line":13,"column":67}},"2":{"start":{"line":14,"column":0},"end":{"line":14,"column":93}},"3":{"start":{"line":17,"column":7},"end":{"line":73,"column":null}},"4":{"start":{"line":18,"column":31},"end":{"line":18,"column":45}},"5":{"start":{"line":22,"column":4},"end":{"line":22,"column":54}},"6":{"start":{"line":30,"column":4},"end":{"line":30,"column":62}},"7":{"start":{"line":35,"column":20},"end":{"line":35,"column":69}},"8":{"start":{"line":36,"column":4},"end":{"line":38,"column":5}},"9":{"start":{"line":37,"column":6},"end":{"line":37,"column":76}},"10":{"start":{"line":39,"column":4},"end":{"line":39,"column":62}},"11":{"start":{"line":48,"column":20},"end":{"line":48,"column":74}},"12":{"start":{"line":49,"column":4},"end":{"line":51,"column":5}},"13":{"start":{"line":50,"column":6},"end":{"line":50,"column":76}},"14":{"start":{"line":52,"column":4},"end":{"line":52,"column":19}},"15":{"start":{"line":58,"column":4},"end":{"line":58,"column":52}},"16":{"start":{"line":59,"column":4},"end":{"line":59,"column":72}},"17":{"start":{"line":64,"column":17},"end":{"line":64,"column":61}},"18":{"start":{"line":65,"column":4},"end":{"line":65,"column":38}},"19":{"start":{"line":70,"column":20},"end":{"line":70,"column":72}},"20":{"start":{"line":71,"column":4},"end":{"line":71,"column":41}},"21":{"start":{"line":17,"column":13},"end":{"line":17,"column":28}},"22":{"start":{"line":21,"column":8},"end":{"line":23,"column":null}},"23":{"start":{"line":26,"column":8},"end":{"line":31,"column":null}},"24":{"start":{"line":34,"column":8},"end":{"line":40,"column":null}},"25":{"start":{"line":43,"column":8},"end":{"line":53,"column":null}},"26":{"start":{"line":57,"column":8},"end":{"line":60,"column":null}},"27":{"start":{"line":63,"column":8},"end":{"line":66,"column":null}},"28":{"start":{"line":69,"column":8},"end":{"line":72,"column":null}},"29":{"start":{"line":17,"column":13},"end":{"line":73,"column":null}}},"fnMap":{"0":{"name":"(anonymous_4)","decl":{"start":{"line":18,"column":2},"end":{"line":18,"column":31}},"loc":{"start":{"line":18,"column":57},"end":{"line":18,"column":61}}},"1":{"name":"(anonymous_5)","decl":{"start":{"line":21,"column":8},"end":{"line":21,"column":18}},"loc":{"start":{"line":21,"column":56},"end":{"line":23,"column":3}}},"2":{"name":"(anonymous_6)","decl":{"start":{"line":26,"column":8},"end":{"line":26,"column":21}},"loc":{"start":{"line":28,"column":33},"end":{"line":31,"column":3}}},"3":{"name":"(anonymous_7)","decl":{"start":{"line":34,"column":8},"end":{"line":34,"column":21}},"loc":{"start":{"line":34,"column":83},"end":{"line":40,"column":3}}},"4":{"name":"(anonymous_8)","decl":{"start":{"line":43,"column":8},"end":{"line":43,"column":25}},"loc":{"start":{"line":46,"column":33},"end":{"line":53,"column":3}}},"5":{"name":"(anonymous_9)","decl":{"start":{"line":57,"column":8},"end":{"line":57,"column":23}},"loc":{"start":{"line":57,"column":61},"end":{"line":60,"column":3}}},"6":{"name":"(anonymous_10)","decl":{"start":{"line":63,"column":8},"end":{"line":63,"column":20}},"loc":{"start":{"line":63,"column":58},"end":{"line":66,"column":3}}},"7":{"name":"(anonymous_11)","decl":{"start":{"line":69,"column":8},"end":{"line":69,"column":23}},"loc":{"start":{"line":69,"column":88},"end":{"line":72,"column":3}}}},"branchMap":{"0":{"loc":{"start":{"line":36,"column":4},"end":{"line":38,"column":5}},"type":"if","locations":[{"start":{"line":36,"column":4},"end":{"line":38,"column":5}},{"start":{},"end":{}}]},"1":{"loc":{"start":{"line":49,"column":4},"end":{"line":51,"column":5}},"type":"if","locations":[{"start":{"line":49,"column":4},"end":{"line":51,"column":5}},{"start":{},"end":{}}]}},"s":{"0":0,"1":0,"2":0,"3":0,"4":0,"5":0,"6":0,"7":0,"8":0,"9":0,"10":0,"11":0,"12":0,"13":0,"14":0,"15":0,"16":0,"17":0,"18":0,"19":0,"20":0,"21":0,"22":0,"23":0,"24":0,"25":0,"26":0,"27":0,"28":0,"29":0},"f":{"0":0,"1":0,"2":0,"3":0,"4":0,"5":0,"6":0,"7":0},"b":{"0":[0,0],"1":[0,0]}}
,"C:\\Users\\GIGABYTE\\Desktop\\ch\\backend\\src\\modules\\focus\\focus.service.ts": {"path":"C:\\Users\\GIGABYTE\\Desktop\\ch\\backend\\src\\modules\\focus\\focus.service.ts","statementMap":{"0":{"start":{"line":1,"column":0},"end":{"line":1,"column":44}},"1":{"start":{"line":2,"column":0},"end":{"line":2,"column":60}},"2":{"start":{"line":15,"column":7},"end":{"line":136,"column":null}},"3":{"start":{"line":16,"column":31},"end":{"line":16,"column":39}},"4":{"start":{"line":19,"column":17},"end":{"line":22,"column":6}},"5":{"start":{"line":23,"column":4},"end":{"line":30,"column":8}},"6":{"start":{"line":23,"column":31},"end":{"line":30,"column":6}},"7":{"start":{"line":34,"column":4},"end":{"line":39,"column":5}},"8":{"start":{"line":35,"column":29},"end":{"line":37,"column":8}},"9":{"start":{"line":38,"column":6},"end":{"line":38,"column":68}},"10":{"start":{"line":41,"column":21},"end":{"line":43,"column":6}},"11":{"start":{"line":44,"column":4},"end":{"line":44,"column":54}},"12":{"start":{"line":48,"column":25},"end":{"line":48,"column":42}},"13":{"start":{"line":49,"column":21},"end":{"line":51,"column":6}},"14":{"start":{"line":53,"column":4},"end":{"line":67,"column":5}},"15":{"start":{"line":54,"column":22},"end":{"line":57,"column":8}},"16":{"start":{"line":58,"column":6},"end":{"line":58,"column":38}},"17":{"start":{"line":60,"column":22},"end":{"line":65,"column":8}},"18":{"start":{"line":66,"column":6},"end":{"line":66,"column":38}},"19":{"start":{"line":71,"column":16},"end":{"line":71,"column":26}},"20":{"start":{"line":72,"column":20},"end":{"line":80,"column":6}},"21":{"start":{"line":82,"column":4},"end":{"line":89,"column":6}},"22":{"start":{"line":93,"column":4},"end":{"line":113,"column":5}},"23":{"start":{"line":94,"column":22},"end":{"line":102,"column":8}},"24":{"start":{"line":103,"column":6},"end":{"line":110,"column":8}},"25":{"start":{"line":112,"column":6},"end":{"line":112,"column":18}},"26":{"start":{"line":117,"column":4},"end":{"line":124,"column":5}},"27":{"start":{"line":118,"column":6},"end":{"line":120,"column":9}},"28":{"start":{"line":121,"column":6},"end":{"line":121,"column":18}},"29":{"start":{"line":123,"column":6},"end":{"line":123,"column":19}},"30":{"start":{"line":128,"column":4},"end":{"line":134,"column":5}},"31":{"start":{"line":129,"column":6},"end":{"line":131,"column":9}},"32":{"start":{"line":133,"column":6},"end":{"line":133,"column":52}},"33":{"start":{"line":15,"column":13},"end":{"line":15,"column":25}},"34":{"start":{"line":15,"column":13},"end":{"line":136,"column":null}}},"fnMap":{"0":{"name":"(anonymous_2)","decl":{"start":{"line":16,"column":2},"end":{"line":16,"column":31}},"loc":{"start":{"line":16,"column":52},"end":{"line":16,"column":56}}},"1":{"name":"(anonymous_3)","decl":{"start":{"line":18,"column":2},"end":{"line":18,"column":7}},"loc":{"start":{"line":18,"column":34},"end":{"line":31,"column":3}}},"2":{"name":"(anonymous_4)","decl":{"start":{"line":23,"column":20},"end":{"line":23,"column":21}},"loc":{"start":{"line":23,"column":31},"end":{"line":30,"column":6}}},"3":{"name":"(anonymous_5)","decl":{"start":{"line":33,"column":2},"end":{"line":33,"column":7}},"loc":{"start":{"line":33,"column":36},"end":{"line":45,"column":3}}},"4":{"name":"(anonymous_6)","decl":{"start":{"line":47,"column":2},"end":{"line":47,"column":7}},"loc":{"start":{"line":47,"column":59},"end":{"line":68,"column":3}}},"5":{"name":"(anonymous_7)","decl":{"start":{"line":70,"column":2},"end":{"line":70,"column":7}},"loc":{"start":{"line":70,"column":60},"end":{"line":90,"column":3}}},"6":{"name":"(anonymous_8)","decl":{"start":{"line":92,"column":2},"end":{"line":92,"column":7}},"loc":{"start":{"line":92,"column":72},"end":{"line":114,"column":3}}},"7":{"name":"(anonymous_9)","decl":{"start":{"line":116,"column":2},"end":{"line":116,"column":7}},"loc":{"start":{"line":116,"column":49},"end":{"line":125,"column":3}}},"8":{"name":"(anonymous_10)","decl":{"start":{"line":127,"column":2},"end":{"line":127,"column":7}},"loc":{"start":{"line":127,"column":39},"end":{"line":135,"column":3}}}},"branchMap":{"0":{"loc":{"start":{"line":20,"column":13},"end":{"line":20,"column":37}},"type":"cond-expr","locations":[{"start":{"line":20,"column":22},"end":{"line":20,"column":32}},{"start":{"line":20,"column":35},"end":{"line":20,"column":37}}]},"1":{"loc":{"start":{"line":28,"column":11},"end":{"line":28,"column":36}},"type":"binary-expr","locations":[{"start":{"line":28,"column":11},"end":{"line":28,"column":19}},{"start":{"line":28,"column":23},"end":{"line":28,"column":36}}]},"2":{"loc":{"start":{"line":34,"column":4},"end":{"line":39,"column":5}},"type":"if","locations":[{"start":{"line":34,"column":4},"end":{"line":39,"column":5}},{"start":{},"end":{}}]},"3":{"loc":{"start":{"line":38,"column":13},"end":{"line":38,"column":67}},"type":"cond-expr","locations":[{"start":{"line":38,"column":30},"end":{"line":38,"column":61}},{"start":{"line":38,"column":64},"end":{"line":38,"column":67}}]},"4":{"loc":{"start":{"line":44,"column":11},"end":{"line":44,"column":53}},"type":"cond-expr","locations":[{"start":{"line":44,"column":22},"end":{"line":44,"column":47}},{"start":{"line":44,"column":50},"end":{"line":44,"column":53}}]},"5":{"loc":{"start":{"line":48,"column":25},"end":{"line":48,"column":42}},"type":"binary-expr","locations":[{"start":{"line":48,"column":25},"end":{"line":48,"column":31}},{"start":{"line":48,"column":35},"end":{"line":48,"column":42}}]},"6":{"loc":{"start":{"line":53,"column":4},"end":{"line":67,"column":5}},"type":"if","locations":[{"start":{"line":53,"column":4},"end":{"line":67,"column":5}},{"start":{"line":59,"column":11},"end":{"line":67,"column":5}}]},"7":{"loc":{"start":{"line":74,"column":16},"end":{"line":74,"column":30}},"type":"binary-expr","locations":[{"start":{"line":74,"column":16},"end":{"line":74,"column":22}},{"start":{"line":74,"column":26},"end":{"line":74,"column":30}}]},"8":{"loc":{"start":{"line":75,"column":14},"end":{"line":75,"column":57}},"type":"binary-expr","locations":[{"start":{"line":75,"column":14},"end":{"line":75,"column":22}},{"start":{"line":75,"column":26},"end":{"line":75,"column":57}}]},"9":{"loc":{"start":{"line":76,"column":14},"end":{"line":76,"column":97}},"type":"binary-expr","locations":[{"start":{"line":76,"column":14},"end":{"line":76,"column":22}},{"start":{"line":76,"column":26},"end":{"line":76,"column":97}}]},"10":{"loc":{"start":{"line":78,"column":13},"end":{"line":78,"column":37}},"type":"binary-expr","locations":[{"start":{"line":78,"column":13},"end":{"line":78,"column":20}},{"start":{"line":78,"column":24},"end":{"line":78,"column":37}}]},"11":{"loc":{"start":{"line":87,"column":11},"end":{"line":87,"column":39}},"type":"binary-expr","locations":[{"start":{"line":87,"column":11},"end":{"line":87,"column":22}},{"start":{"line":87,"column":26},"end":{"line":87,"column":39}}]},"12":{"loc":{"start":{"line":97,"column":14},"end":{"line":97,"column":44}},"type":"binary-expr","locations":[{"start":{"line":97,"column":14},"end":{"line":97,"column":22}},{"start":{"line":97,"column":26},"end":{"line":97,"column":44}}]},"13":{"loc":{"start":{"line":98,"column":14},"end":{"line":98,"column":44}},"type":"binary-expr","locations":[{"start":{"line":98,"column":14},"end":{"line":98,"column":22}},{"start":{"line":98,"column":26},"end":{"line":98,"column":44}}]},"14":{"loc":{"start":{"line":99,"column":14},"end":{"line":99,"column":78}},"type":"binary-expr","locations":[{"start":{"line":99,"column":14},"end":{"line":99,"column":40}},{"start":{"line":99,"column":44},"end":{"line":99,"column":78}}]},"15":{"loc":{"start":{"line":100,"column":14},"end":{"line":100,"column":41}},"type":"binary-expr","locations":[{"start":{"line":100,"column":14},"end":{"line":100,"column":21}},{"start":{"line":100,"column":25},"end":{"line":100,"column":41}}]},"16":{"loc":{"start":{"line":108,"column":13},"end":{"line":108,"column":41}},"type":"binary-expr","locations":[{"start":{"line":108,"column":13},"end":{"line":108,"column":24}},{"start":{"line":108,"column":28},"end":{"line":108,"column":41}}]},"17":{"loc":{"start":{"line":128,"column":4},"end":{"line":134,"column":5}},"type":"if","locations":[{"start":{"line":128,"column":4},"end":{"line":134,"column":5}},{"start":{"line":132,"column":11},"end":{"line":134,"column":5}}]}},"s":{"0":2,"1":2,"2":2,"3":6,"4":1,"5":1,"6":1,"7":1,"8":0,"9":0,"10":1,"11":1,"12":1,"13":1,"14":1,"15":1,"16":1,"17":0,"18":0,"19":1,"20":1,"21":1,"22":0,"23":0,"24":0,"25":0,"26":0,"27":0,"28":0,"29":0,"30":1,"31":1,"32":0,"33":2,"34":2},"f":{"0":6,"1":1,"2":1,"3":1,"4":1,"5":1,"6":0,"7":0,"8":1},"b":{"0":[1,0],"1":[1,0],"2":[0,1],"3":[0,0],"4":[1,0],"5":[1,0],"6":[1,0],"7":[1,0],"8":[1,0],"9":[1,0],"10":[1,0],"11":[1,0],"12":[0,0],"13":[0,0],"14":[0,0],"15":[0,0],"16":[0,0],"17":[1,0]}}
,"C:\\Users\\GIGABYTE\\Desktop\\ch\\backend\\src\\modules\\focus\\dto\\create-session.dto.ts": {"path":"C:\\Users\\GIGABYTE\\Desktop\\ch\\backend\\src\\modules\\focus\\dto\\create-session.dto.ts","statementMap":{"0":{"start":{"line":1,"column":0},"end":{"line":1,"column":75}},"1":{"start":{"line":3,"column":0},"end":{"line":3,"column":13}},"2":{"start":{"line":6,"column":2},"end":{"line":6,"column":null}},"3":{"start":{"line":10,"column":2},"end":{"line":10,"column":null}},"4":{"start":{"line":15,"column":2},"end":{"line":15,"column":null}},"5":{"start":{"line":19,"column":2},"end":{"line":19,"column":null}},"6":{"start":{"line":22,"column":0},"end":{"line":22,"column":13}},"7":{"start":{"line":26,"column":2},"end":{"line":26,"column":null}},"8":{"start":{"line":29,"column":0},"end":{"line":29,"column":13}},"9":{"start":{"line":32,"column":2},"end":{"line":32,"column":null}},"10":{"start":{"line":36,"column":2},"end":{"line":36,"column":null}},"11":{"start":{"line":42,"column":2},"end":{"line":42,"column":null}},"12":{"start":{"line":46,"column":2},"end":{"line":46,"column":null}}},"fnMap":{},"branchMap":{},"s":{"0":0,"1":0,"2":0,"3":0,"4":0,"5":0,"6":0,"7":0,"8":0,"9":0,"10":0,"11":0,"12":0},"f":{},"b":{}}
,"C:\\Users\\GIGABYTE\\Desktop\\ch\\backend\\src\\modules\\videos\\videos.controller.ts": {"path":"C:\\Users\\GIGABYTE\\Desktop\\ch\\backend\\src\\modules\\videos\\videos.controller.ts","statementMap":{"0":{"start":{"line":1,"column":0},"end":{"line":1,"column":null}},"1":{"start":{"line":13,"column":0},"end":{"line":13,"column":59}},"2":{"start":{"line":14,"column":0},"end":{"line":14,"column":37}},"3":{"start":{"line":15,"column":0},"end":{"line":15,"column":29}},"4":{"start":{"line":16,"column":0},"end":{"line":16,"column":25}},"5":{"start":{"line":17,"column":0},"end":{"line":17,"column":60}},"6":{"start":{"line":19,"column":18},"end":{"line":19,"column":77}},"7":{"start":{"line":22,"column":7},"end":{"line":128,"column":null}},"8":{"start":{"line":23,"column":31},"end":{"line":23,"column":46}},"9":{"start":{"line":27,"column":4},"end":{"line":27,"column":51}},"10":{"start":{"line":32,"column":4},"end":{"line":32,"column":54}},"11":{"start":{"line":37,"column":20},"end":{"line":37,"column":69}},"12":{"start":{"line":38,"column":4},"end":{"line":40,"column":5}},"13":{"start":{"line":39,"column":6},"end":{"line":39,"column":72}},"14":{"start":{"line":41,"column":4},"end":{"line":41,"column":19}},"15":{"start":{"line":56,"column":4},"end":{"line":56,"column":51}},"16":{"start":{"line":81,"column":20},"end":{"line":81,"column":66}},"17":{"start":{"line":82,"column":4},"end":{"line":88,"column":7}},"18":{"start":{"line":104,"column":20},"end":{"line":104,"column":66}},"19":{"start":{"line":105,"column":4},"end":{"line":107,"column":5}},"20":{"start":{"line":106,"column":6},"end":{"line":106,"column":67}},"21":{"start":{"line":108,"column":4},"end":{"line":108,"column":19}},"22":{"start":{"line":113,"column":20},"end":{"line":113,"column":60}},"23":{"start":{"line":114,"column":4},"end":{"line":116,"column":5}},"24":{"start":{"line":115,"column":6},"end":{"line":115,"column":67}},"25":{"start":{"line":117,"column":4},"end":{"line":117,"column":29}},"26":{"start":{"line":122,"column":18},"end":{"line":122,"column":59}},"27":{"start":{"line":123,"column":4},"end":{"line":125,"column":5}},"28":{"start":{"line":124,"column":6},"end":{"line":124,"column":67}},"29":{"start":{"line":126,"column":4},"end":{"line":126,"column":17}},"30":{"start":{"line":22,"column":13},"end":{"line":22,"column":29}},"31":{"start":{"line":26,"column":8},"end":{"line":28,"column":null}},"32":{"start":{"line":31,"column":8},"end":{"line":33,"column":null}},"33":{"start":{"line":36,"column":8},"end":{"line":42,"column":null}},"34":{"start":{"line":45,"column":8},"end":{"line":57,"column":null}},"35":{"start":{"line":77,"column":8},"end":{"line":89,"column":null}},"36":{"start":{"line":64,"column":10},"end":{"line":66,"column":11}},"37":{"start":{"line":65,"column":12},"end":{"line":65,"column":57}},"38":{"start":{"line":67,"column":10},"end":{"line":67,"column":30}},"39":{"start":{"line":70,"column":31},"end":{"line":70,"column":81}},"40":{"start":{"line":71,"column":22},"end":{"line":71,"column":63}},"41":{"start":{"line":72,"column":10},"end":{"line":72,"column":48}},"42":{"start":{"line":92,"column":8},"end":{"line":109,"column":null}},"43":{"start":{"line":112,"column":8},"end":{"line":118,"column":null}},"44":{"start":{"line":121,"column":8},"end":{"line":127,"column":null}},"45":{"start":{"line":22,"column":13},"end":{"line":128,"column":null}}},"fnMap":{"0":{"name":"(anonymous_4)","decl":{"start":{"line":23,"column":2},"end":{"line":23,"column":31}},"loc":{"start":{"line":23,"column":59},"end":{"line":23,"column":63}}},"1":{"name":"(anonymous_5)","decl":{"start":{"line":26,"column":8},"end":{"line":26,"column":20}},"loc":{"start":{"line":26,"column":20},"end":{"line":28,"column":3}}},"2":{"name":"(anonymous_6)","decl":{"start":{"line":31,"column":8},"end":{"line":31,"column":23}},"loc":{"start":{"line":31,"column":23},"end":{"line":33,"column":3}}},"3":{"name":"(anonymous_7)","decl":{"start":{"line":36,"column":8},"end":{"line":36,"column":23}},"loc":{"start":{"line":36,"column":52},"end":{"line":42,"column":3}}},"4":{"name":"(anonymous_8)","decl":{"start":{"line":45,"column":8},"end":{"line":45,"column":19}},"loc":{"start":{"line":54,"column":5},"end":{"line":57,"column":3}}},"5":{"name":"(anonymous_9)","decl":{"start":{"line":77,"column":8},"end":{"line":77,"column":23}},"loc":{"start":{"line":79,"column":77},"end":{"line":89,"column":3}}},"6":{"name":"(anonymous_10)","decl":{"start":{"line":92,"column":8},"end":{"line":92,"column":19}},"loc":{"start":{"line":102,"column":5},"end":{"line":109,"column":3}}},"7":{"name":"(anonymous_11)","decl":{"start":{"line":112,"column":8},"end":{"line":112,"column":19}},"loc":{"start":{"line":112,"column":43},"end":{"line":118,"column":3}}},"8":{"name":"(anonymous_12)","decl":{"start":{"line":121,"column":8},"end":{"line":121,"column":20}},"loc":{"start":{"line":121,"column":44},"end":{"line":127,"column":3}}},"9":{"name":"(anonymous_13)","decl":{"start":{"line":63,"column":21},"end":{"line":63,"column":22}},"loc":{"start":{"line":63,"column":39},"end":{"line":68,"column":9}}},"10":{"name":"(anonymous_14)","decl":{"start":{"line":69,"column":18},"end":{"line":69,"column":19}},"loc":{"start":{"line":69,"column":36},"end":{"line":73,"column":9}}}},"branchMap":{"0":{"loc":{"start":{"line":38,"column":4},"end":{"line":40,"column":5}},"type":"if","locations":[{"start":{"line":38,"column":4},"end":{"line":40,"column":5}},{"start":{},"end":{}}]},"1":{"loc":{"start":{"line":81,"column":20},"end":{"line":81,"column":66}},"type":"cond-expr","locations":[{"start":{"line":81,"column":27},"end":{"line":81,"column":50}},{"start":{"line":81,"column":53},"end":{"line":81,"column":66}}]},"2":{"loc":{"start":{"line":83,"column":13},"end":{"line":83,"column":78}},"type":"binary-expr","locations":[{"start":{"line":83,"column":13},"end":{"line":83,"column":23}},{"start":{"line":83,"column":28},"end":{"line":83,"column":77}}]},"3":{"loc":{"start":{"line":83,"column":28},"end":{"line":83,"column":77}},"type":"cond-expr","locations":[{"start":{"line":83,"column":35},"end":{"line":83,"column":52}},{"start":{"line":83,"column":55},"end":{"line":83,"column":77}}]},"4":{"loc":{"start":{"line":84,"column":16},"end":{"line":84,"column":45}},"type":"binary-expr","locations":[{"start":{"line":84,"column":16},"end":{"line":84,"column":29}},{"start":{"line":84,"column":33},"end":{"line":84,"column":45}}]},"5":{"loc":{"start":{"line":87,"column":19},"end":{"line":87,"column":77}},"type":"binary-expr","locations":[{"start":{"line":87,"column":19},"end":{"line":87,"column":35}},{"start":{"line":87,"column":39},"end":{"line":87,"column":77}}]},"6":{"loc":{"start":{"line":105,"column":4},"end":{"line":107,"column":5}},"type":"if","locations":[{"start":{"line":105,"column":4},"end":{"line":107,"column":5}},{"start":{},"end":{}}]},"7":{"loc":{"start":{"line":114,"column":4},"end":{"line":116,"column":5}},"type":"if","locations":[{"start":{"line":114,"column":4},"end":{"line":116,"column":5}},{"start":{},"end":{}}]},"8":{"loc":{"start":{"line":123,"column":4},"end":{"line":125,"column":5}},"type":"if","locations":[{"start":{"line":123,"column":4},"end":{"line":125,"column":5}},{"start":{},"end":{}}]},"9":{"loc":{"start":{"line":64,"column":10},"end":{"line":66,"column":11}},"type":"if","locations":[{"start":{"line":64,"column":10},"end":{"line":66,"column":11}},{"start":{},"end":{}}]},"10":{"loc":{"start":{"line":71,"column":22},"end":{"line":71,"column":63}},"type":"binary-expr","locations":[{"start":{"line":71,"column":22},"end":{"line":71,"column":53}},{"start":{"line":71,"column":57},"end":{"line":71,"column":63}}]}},"s":{"0":0,"1":0,"2":0,"3":0,"4":0,"5":0,"6":0,"7":0,"8":0,"9":0,"10":0,"11":0,"12":0,"13":0,"14":0,"15":0,"16":0,"17":0,"18":0,"19":0,"20":0,"21":0,"22":0,"23":0,"24":0,"25":0,"26":0,"27":0,"28":0,"29":0,"30":0,"31":0,"32":0,"33":0,"34":0,"35":0,"36":0,"37":0,"38":0,"39":0,"40":0,"41":0,"42":0,"43":0,"44":0,"45":0},"f":{"0":0,"1":0,"2":0,"3":0,"4":0,"5":0,"6":0,"7":0,"8":0,"9":0,"10":0},"b":{"0":[0,0],"1":[0,0],"2":[0,0],"3":[0,0],"4":[0,0],"5":[0,0],"6":[0,0],"7":[0,0],"8":[0,0],"9":[0,0],"10":[0,0]}}
,"C:\\Users\\GIGABYTE\\Desktop\\ch\\backend\\src\\modules\\videos\\videos.service.ts": {"path":"C:\\Users\\GIGABYTE\\Desktop\\ch\\backend\\src\\modules\\videos\\videos.service.ts","statementMap":{"0":{"start":{"line":1,"column":0},"end":{"line":1,"column":58}},"1":{"start":{"line":2,"column":0},"end":{"line":2,"column":60}},"2":{"start":{"line":3,"column":0},"end":{"line":3,"column":25}},"3":{"start":{"line":4,"column":0},"end":{"line":4,"column":29}},"4":{"start":{"line":18,"column":7},"end":{"line":234,"column":null}},"5":{"start":{"line":19,"column":31},"end":{"line":19,"column":39}},"6":{"start":{"line":22,"column":4},"end":{"line":22,"column":34}},"7":{"start":{"line":26,"column":18},"end":{"line":26,"column":53}},"8":{"start":{"line":27,"column":4},"end":{"line":40,"column":5}},"9":{"start":{"line":28,"column":6},"end":{"line":39,"column":9}},"10":{"start":{"line":44,"column":17},"end":{"line":46,"column":6}},"11":{"start":{"line":49,"column":19},"end":{"line":49,"column":85}},"12":{"start":{"line":49,"column":39},"end":{"line":49,"column":84}},"13":{"start":{"line":51,"column":4},"end":{"line":60,"column":8}},"14":{"start":{"line":51,"column":30},"end":{"line":60,"column":6}},"15":{"start":{"line":64,"column":14},"end":{"line":64,"column":71}},"16":{"start":{"line":65,"column":4},"end":{"line":65,"column":24}},"17":{"start":{"line":65,"column":12},"end":{"line":65,"column":24}},"18":{"start":{"line":66,"column":4},"end":{"line":75,"column":6}},"19":{"start":{"line":79,"column":20},"end":{"line":81,"column":6}},"20":{"start":{"line":83,"column":4},"end":{"line":94,"column":5}},"21":{"start":{"line":84,"column":6},"end":{"line":93,"column":8}},"22":{"start":{"line":96,"column":18},"end":{"line":96,"column":57}},"23":{"start":{"line":97,"column":4},"end":{"line":108,"column":5}},"24":{"start":{"line":98,"column":6},"end":{"line":107,"column":8}},"25":{"start":{"line":110,"column":4},"end":{"line":119,"column":6}},"26":{"start":{"line":123,"column":4},"end":{"line":125,"column":7}},"27":{"start":{"line":127,"column":20},"end":{"line":130,"column":6}},"28":{"start":{"line":132,"column":4},"end":{"line":141,"column":6}},"29":{"start":{"line":145,"column":20},"end":{"line":155,"column":6}},"30":{"start":{"line":157,"column":4},"end":{"line":166,"column":6}},"31":{"start":{"line":170,"column":4},"end":{"line":196,"column":5}},"32":{"start":{"line":171,"column":22},"end":{"line":182,"column":8}},"33":{"start":{"line":184,"column":6},"end":{"line":193,"column":8}},"34":{"start":{"line":195,"column":6},"end":{"line":195,"column":18}},"35":{"start":{"line":200,"column":4},"end":{"line":232,"column":5}},"36":{"start":{"line":201,"column":21},"end":{"line":201,"column":78}},"37":{"start":{"line":202,"column":6},"end":{"line":202,"column":32}},"38":{"start":{"line":202,"column":19},"end":{"line":202,"column":32}},"39":{"start":{"line":205,"column":6},"end":{"line":205,"column":60}},"40":{"start":{"line":208,"column":6},"end":{"line":218,"column":7}},"41":{"start":{"line":209,"column":25},"end":{"line":209,"column":50}},"42":{"start":{"line":210,"column":25},"end":{"line":210,"column":94}},"43":{"start":{"line":211,"column":8},"end":{"line":217,"column":9}},"44":{"start":{"line":212,"column":10},"end":{"line":216,"column":11}},"45":{"start":{"line":213,"column":12},"end":{"line":213,"column":36}},"46":{"start":{"line":215,"column":12},"end":{"line":215,"column":77}},"47":{"start":{"line":220,"column":6},"end":{"line":228,"column":7}},"48":{"start":{"line":221,"column":31},"end":{"line":221,"column":70}},"49":{"start":{"line":222,"column":8},"end":{"line":227,"column":9}},"50":{"start":{"line":223,"column":10},"end":{"line":226,"column":13}},"51":{"start":{"line":229,"column":6},"end":{"line":229,"column":18}},"52":{"start":{"line":231,"column":6},"end":{"line":231,"column":19}},"53":{"start":{"line":18,"column":13},"end":{"line":18,"column":26}},"54":{"start":{"line":18,"column":13},"end":{"line":234,"column":null}}},"fnMap":{"0":{"name":"(anonymous_2)","decl":{"start":{"line":19,"column":2},"end":{"line":19,"column":31}},"loc":{"start":{"line":19,"column":52},"end":{"line":19,"column":56}}},"1":{"name":"(anonymous_3)","decl":{"start":{"line":21,"column":2},"end":{"line":21,"column":7}},"loc":{"start":{"line":21,"column":20},"end":{"line":23,"column":3}}},"2":{"name":"(anonymous_4)","decl":{"start":{"line":25,"column":10},"end":{"line":25,"column":15}},"loc":{"start":{"line":25,"column":32},"end":{"line":41,"column":3}}},"3":{"name":"(anonymous_5)","decl":{"start":{"line":43,"column":2},"end":{"line":43,"column":7}},"loc":{"start":{"line":43,"column":20},"end":{"line":61,"column":3}}},"4":{"name":"(anonymous_6)","decl":{"start":{"line":49,"column":29},"end":{"line":49,"column":30}},"loc":{"start":{"line":49,"column":39},"end":{"line":49,"column":84}}},"5":{"name":"(anonymous_7)","decl":{"start":{"line":51,"column":22},"end":{"line":51,"column":23}},"loc":{"start":{"line":51,"column":30},"end":{"line":60,"column":6}}},"6":{"name":"(anonymous_8)","decl":{"start":{"line":63,"column":2},"end":{"line":63,"column":7}},"loc":{"start":{"line":63,"column":31},"end":{"line":76,"column":3}}},"7":{"name":"(anonymous_9)","decl":{"start":{"line":78,"column":2},"end":{"line":78,"column":7}},"loc":{"start":{"line":78,"column":23},"end":{"line":120,"column":3}}},"8":{"name":"(anonymous_10)","decl":{"start":{"line":122,"column":2},"end":{"line":122,"column":7}},"loc":{"start":{"line":122,"column":34},"end":{"line":142,"column":3}}},"9":{"name":"(anonymous_11)","decl":{"start":{"line":144,"column":2},"end":{"line":144,"column":7}},"loc":{"start":{"line":144,"column":134},"end":{"line":167,"column":3}}},"10":{"name":"(anonymous_12)","decl":{"start":{"line":169,"column":2},"end":{"line":169,"column":7}},"loc":{"start":{"line":169,"column":59},"end":{"line":197,"column":3}}},"11":{"name":"(anonymous_13)","decl":{"start":{"line":199,"column":2},"end":{"line":199,"column":7}},"loc":{"start":{"line":199,"column":30},"end":{"line":233,"column":3}}}},"branchMap":{"0":{"loc":{"start":{"line":27,"column":4},"end":{"line":40,"column":5}},"type":"if","locations":[{"start":{"line":27,"column":4},"end":{"line":40,"column":5}},{"start":{},"end":{}}]},"1":{"loc":{"start":{"line":49,"column":40},"end":{"line":49,"column":59}},"type":"cond-expr","locations":[{"start":{"line":49,"column":54},"end":{"line":49,"column":55}},{"start":{"line":49,"column":58},"end":{"line":49,"column":59}}]},"2":{"loc":{"start":{"line":49,"column":64},"end":{"line":49,"column":83}},"type":"cond-expr","locations":[{"start":{"line":49,"column":78},"end":{"line":49,"column":79}},{"start":{"line":49,"column":82},"end":{"line":49,"column":83}}]},"3":{"loc":{"start":{"line":65,"column":4},"end":{"line":65,"column":24}},"type":"if","locations":[{"start":{"line":65,"column":4},"end":{"line":65,"column":24}},{"start":{},"end":{}}]},"4":{"loc":{"start":{"line":83,"column":4},"end":{"line":94,"column":5}},"type":"if","locations":[{"start":{"line":83,"column":4},"end":{"line":94,"column":5}},{"start":{},"end":{}}]},"5":{"loc":{"start":{"line":97,"column":4},"end":{"line":108,"column":5}},"type":"if","locations":[{"start":{"line":97,"column":4},"end":{"line":108,"column":5}},{"start":{},"end":{}}]},"6":{"loc":{"start":{"line":147,"column":15},"end":{"line":147,"column":50}},"type":"binary-expr","locations":[{"start":{"line":147,"column":15},"end":{"line":147,"column":26}},{"start":{"line":147,"column":30},"end":{"line":147,"column":50}}]},"7":{"loc":{"start":{"line":148,"column":18},"end":{"line":148,"column":50}},"type":"binary-expr","locations":[{"start":{"line":148,"column":18},"end":{"line":148,"column":32}},{"start":{"line":148,"column":36},"end":{"line":148,"column":50}}]},"8":{"loc":{"start":{"line":149,"column":21},"end":{"line":149,"column":56}},"type":"binary-expr","locations":[{"start":{"line":149,"column":21},"end":{"line":149,"column":38}},{"start":{"line":149,"column":42},"end":{"line":149,"column":56}}]},"9":{"loc":{"start":{"line":151,"column":16},"end":{"line":151,"column":105}},"type":"binary-expr","locations":[{"start":{"line":151,"column":16},"end":{"line":151,"column":28}},{"start":{"line":151,"column":32},"end":{"line":151,"column":105}}]},"10":{"loc":{"start":{"line":152,"column":21},"end":{"line":152,"column":89}},"type":"binary-expr","locations":[{"start":{"line":152,"column":21},"end":{"line":152,"column":38}},{"start":{"line":152,"column":42},"end":{"line":152,"column":89}}]},"11":{"loc":{"start":{"line":174,"column":14},"end":{"line":174,"column":55}},"type":"binary-expr","locations":[{"start":{"line":174,"column":14},"end":{"line":174,"column":27}},{"start":{"line":174,"column":31},"end":{"line":174,"column":55}}]},"12":{"loc":{"start":{"line":175,"column":14},"end":{"line":175,"column":64}},"type":"binary-expr","locations":[{"start":{"line":175,"column":14},"end":{"line":175,"column":30}},{"start":{"line":175,"column":34},"end":{"line":175,"column":64}}]},"13":{"loc":{"start":{"line":176,"column":14},"end":{"line":176,"column":73}},"type":"binary-expr","locations":[{"start":{"line":176,"column":14},"end":{"line":176,"column":33}},{"start":{"line":176,"column":37},"end":{"line":176,"column":73}}]},"14":{"loc":{"start":{"line":177,"column":14},"end":{"line":177,"column":49}},"type":"binary-expr","locations":[{"start":{"line":177,"column":14},"end":{"line":177,"column":25}},{"start":{"line":177,"column":29},"end":{"line":177,"column":49}}]},"15":{"loc":{"start":{"line":178,"column":14},"end":{"line":178,"column":58}},"type":"binary-expr","locations":[{"start":{"line":178,"column":14},"end":{"line":178,"column":28}},{"start":{"line":178,"column":32},"end":{"line":178,"column":58}}]},"16":{"loc":{"start":{"line":179,"column":14},"end":{"line":179,"column":73}},"type":"binary-expr","locations":[{"start":{"line":179,"column":14},"end":{"line":179,"column":33}},{"start":{"line":179,"column":37},"end":{"line":179,"column":73}}]},"17":{"loc":{"start":{"line":180,"column":14},"end":{"line":180,"column":81}},"type":"binary-expr","locations":[{"start":{"line":180,"column":14},"end":{"line":180,"column":45}},{"start":{"line":180,"column":49},"end":{"line":180,"column":81}}]},"18":{"loc":{"start":{"line":202,"column":6},"end":{"line":202,"column":32}},"type":"if","locations":[{"start":{"line":202,"column":6},"end":{"line":202,"column":32}},{"start":{},"end":{}}]},"19":{"loc":{"start":{"line":208,"column":6},"end":{"line":218,"column":7}},"type":"if","locations":[{"start":{"line":208,"column":6},"end":{"line":218,"column":7}},{"start":{},"end":{}}]},"20":{"loc":{"start":{"line":208,"column":10},"end":{"line":208,"column":58}},"type":"binary-expr","locations":[{"start":{"line":208,"column":10},"end":{"line":208,"column":20}},{"start":{"line":208,"column":24},"end":{"line":208,"column":58}}]},"21":{"loc":{"start":{"line":211,"column":8},"end":{"line":217,"column":9}},"type":"if","locations":[{"start":{"line":211,"column":8},"end":{"line":217,"column":9}},{"start":{},"end":{}}]},"22":{"loc":{"start":{"line":220,"column":6},"end":{"line":228,"column":7}},"type":"if","locations":[{"start":{"line":220,"column":6},"end":{"line":228,"column":7}},{"start":{},"end":{}}]},"23":{"loc":{"start":{"line":222,"column":8},"end":{"line":227,"column":9}},"type":"if","locations":[{"start":{"line":222,"column":8},"end":{"line":227,"column":9}},{"start":{},"end":{}}]}},"s":{"0":0,"1":0,"2":0,"3":0,"4":0,"5":0,"6":0,"7":0,"8":0,"9":0,"10":0,"11":0,"12":0,"13":0,"14":0,"15":0,"16":0,"17":0,"18":0,"19":0,"20":0,"21":0,"22":0,"23":0,"24":0,"25":0,"26":0,"27":0,"28":0,"29":0,"30":0,"31":0,"32":0,"33":0,"34":0,"35":0,"36":0,"37":0,"38":0,"39":0,"40":0,"41":0,"42":0,"43":0,"44":0,"45":0,"46":0,"47":0,"48":0,"49":0,"50":0,"51":0,"52":0,"53":0,"54":0},"f":{"0":0,"1":0,"2":0,"3":0,"4":0,"5":0,"6":0,"7":0,"8":0,"9":0,"10":0,"11":0},"b":{"0":[0,0],"1":[0,0],"2":[0,0],"3":[0,0],"4":[0,0],"5":[0,0],"6":[0,0],"7":[0,0],"8":[0,0],"9":[0,0],"10":[0,0],"11":[0,0],"12":[0,0],"13":[0,0],"14":[0,0],"15":[0,0],"16":[0,0],"17":[0,0],"18":[0,0],"19":[0,0],"20":[0,0],"21":[0,0],"22":[0,0],"23":[0,0]}}
,"C:\\Users\\GIGABYTE\\Desktop\\ch\\backend\\src\\prisma\\prisma.service.ts": {"path":"C:\\Users\\GIGABYTE\\Desktop\\ch\\backend\\src\\prisma\\prisma.service.ts","statementMap":{"0":{"start":{"line":1,"column":0},"end":{"line":1,"column":75}},"1":{"start":{"line":2,"column":0},"end":{"line":2,"column":46}},"2":{"start":{"line":5,"column":7},"end":{"line":13,"column":null}},"3":{"start":{"line":7,"column":4},"end":{"line":7,"column":26}},"4":{"start":{"line":11,"column":4},"end":{"line":11,"column":29}},"5":{"start":{"line":5,"column":13},"end":{"line":5,"column":26}},"6":{"start":{"line":5,"column":13},"end":{"line":13,"column":null}}},"fnMap":{"0":{"name":"(anonymous_1)","decl":{"start":{"line":6,"column":2},"end":{"line":6,"column":7}},"loc":{"start":{"line":6,"column":20},"end":{"line":8,"column":3}}},"1":{"name":"(anonymous_2)","decl":{"start":{"line":10,"column":2},"end":{"line":10,"column":7}},"loc":{"start":{"line":10,"column":23},"end":{"line":12,"column":3}}}},"branchMap":{},"s":{"0":2,"1":2,"2":2,"3":0,"4":0,"5":2,"6":2},"f":{"0":0,"1":0},"b":{}}
}
