TN:
SF:src\common\guards\supabase-auth.guard.ts
FN:10,(anonymous_1)
FN:16,(anonymous_2)
FNF:2
FNH:0
FNDA:0,(anonymous_1)
FNDA:0,(anonymous_2)
DA:1,0
DA:7,0
DA:10,0
DA:11,0
DA:17,0
DA:18,0
DA:20,0
DA:21,0
DA:22,0
DA:25,0
DA:26,0
DA:28,0
DA:29,0
DA:32,0
DA:33,0
LF:15
LH:0
BRDA:12,0,0,0
BRDA:12,0,1,0
BRDA:13,1,0,0
BRDA:13,1,1,0
BRDA:20,2,0,0
BRDA:20,2,1,0
BRDA:20,3,0,0
BRDA:20,3,1,0
BRDA:28,4,0,0
BRDA:28,4,1,0
BRDA:28,5,0,0
BRDA:28,5,1,0
BRF:12
BRH:0
end_of_record
TN:
SF:src\modules\analytics\analytics.controller.ts
FN:6,(anonymous_4)
FN:9,(anonymous_5)
FNF:2
FNH:0
FNDA:0,(anonymous_4)
FNDA:0,(anonymous_5)
DA:1,0
DA:2,0
DA:5,0
DA:6,0
DA:9,0
DA:13,0
LF:6
LH:0
BRDA:11,0,0,0
BRF:1
BRH:0
end_of_record
TN:
SF:src\modules\analytics\analytics.service.ts
FN:16,(anonymous_2)
FN:18,(anonymous_3)
FN:31,(anonymous_4)
FN:47,(anonymous_5)
FN:65,(anonymous_6)
FN:68,(anonymous_7)
FN:96,(anonymous_8)
FN:126,(anonymous_9)
FN:144,(anonymous_10)
FN:153,(anonymous_11)
FNF:10
FNH:10
FNDA:5,(anonymous_2)
FNDA:4,(anonymous_3)
FNDA:9,(anonymous_4)
FNDA:9,(anonymous_5)
FNDA:4,(anonymous_6)
FNDA:9,(anonymous_7)
FNDA:4,(anonymous_8)
FNDA:12,(anonymous_9)
FNDA:18,(anonymous_10)
FNDA:24,(anonymous_11)
DA:1,1
DA:2,1
DA:15,1
DA:16,5
DA:19,4
DA:20,4
DA:22,4
DA:23,4
DA:24,4
DA:25,4
DA:27,4
DA:28,4
DA:29,4
DA:31,4
DA:32,9
DA:33,6
DA:34,6
DA:35,3
DA:36,3
DA:40,4
DA:43,4
DA:46,4
DA:47,4
DA:48,9
DA:52,4
DA:54,4
DA:66,4
DA:68,9
DA:69,3
DA:70,3
DA:71,3
DA:72,3
DA:74,3
DA:75,3
DA:77,3
DA:78,3
DA:79,0
DA:82,3
DA:83,9
DA:84,9
DA:85,6
DA:86,6
DA:88,3
DA:93,3
DA:97,4
DA:99,4
DA:100,2
DA:101,14
DA:102,14
DA:103,14
DA:104,14
DA:106,14
DA:107,14
DA:109,2
DA:110,1
DA:111,1
DA:112,4
DA:113,4
DA:114,4
DA:115,4
DA:117,4
DA:118,4
DA:119,4
DA:121,4
DA:122,4
DA:123,4
DA:125,4
DA:126,4
DA:127,12
DA:128,12
DA:129,12
DA:130,3
DA:134,4
DA:137,1
DA:138,6
DA:139,6
DA:140,6
DA:141,6
DA:143,6
DA:144,6
DA:145,18
DA:146,3
DA:149,6
DA:153,24
LF:84
LH:83
BRDA:18,0,0,0
BRDA:32,1,0,6
BRDA:32,1,1,3
BRDA:35,2,0,3
BRDA:35,2,1,0
BRDA:48,3,0,9
BRDA:48,3,1,6
BRDA:66,4,0,1
BRDA:66,4,1,3
BRDA:77,5,0,3
BRDA:77,5,1,0
BRDA:77,6,0,3
BRDA:77,6,1,0
BRDA:78,7,0,0
BRDA:78,7,1,3
BRDA:84,8,0,6
BRDA:84,8,1,3
BRDA:99,9,0,2
BRDA:99,9,1,2
BRDA:106,10,0,14
BRDA:106,10,1,12
BRDA:109,11,0,1
BRDA:109,11,1,1
BRDA:127,12,0,12
BRDA:127,12,1,0
BRDA:129,13,0,3
BRDA:129,13,1,9
BRDA:129,14,0,12
BRDA:129,14,1,12
BRDA:145,15,0,3
BRDA:145,15,1,15
BRDA:145,16,0,18
BRDA:145,16,1,18
BRF:33
BRH:27
end_of_record
TN:
SF:src\modules\focus\focus.controller.ts
FN:18,(anonymous_4)
FN:21,(anonymous_5)
FN:26,(anonymous_6)
FN:34,(anonymous_7)
FN:43,(anonymous_8)
FN:57,(anonymous_9)
FN:63,(anonymous_10)
FN:69,(anonymous_11)
FNF:8
FNH:0
FNDA:0,(anonymous_4)
FNDA:0,(anonymous_5)
FNDA:0,(anonymous_6)
FNDA:0,(anonymous_7)
FNDA:0,(anonymous_8)
FNDA:0,(anonymous_9)
FNDA:0,(anonymous_10)
FNDA:0,(anonymous_11)
DA:1,0
DA:13,0
DA:14,0
DA:17,0
DA:18,0
DA:21,0
DA:22,0
DA:26,0
DA:30,0
DA:34,0
DA:35,0
DA:36,0
DA:37,0
DA:39,0
DA:43,0
DA:48,0
DA:49,0
DA:50,0
DA:52,0
DA:57,0
DA:58,0
DA:59,0
DA:63,0
DA:64,0
DA:65,0
DA:69,0
DA:70,0
DA:71,0
LF:28
LH:0
BRDA:36,0,0,0
BRDA:36,0,1,0
BRDA:49,1,0,0
BRDA:49,1,1,0
BRF:4
BRH:0
end_of_record
TN:
SF:src\modules\focus\focus.service.ts
FN:16,(anonymous_2)
FN:18,(anonymous_3)
FN:23,(anonymous_4)
FN:33,(anonymous_5)
FN:47,(anonymous_6)
FN:70,(anonymous_7)
FN:92,(anonymous_8)
FN:116,(anonymous_9)
FN:127,(anonymous_10)
FNF:9
FNH:7
FNDA:6,(anonymous_2)
FNDA:1,(anonymous_3)
FNDA:1,(anonymous_4)
FNDA:1,(anonymous_5)
FNDA:1,(anonymous_6)
FNDA:1,(anonymous_7)
FNDA:0,(anonymous_8)
FNDA:0,(anonymous_9)
FNDA:1,(anonymous_10)
DA:1,2
DA:2,2
DA:15,2
DA:16,6
DA:19,1
DA:23,1
DA:34,1
DA:35,0
DA:38,0
DA:41,1
DA:44,1
DA:48,1
DA:49,1
DA:53,1
DA:54,1
DA:58,1
DA:60,0
DA:66,0
DA:71,1
DA:72,1
DA:82,1
DA:93,0
DA:94,0
DA:103,0
DA:112,0
DA:117,0
DA:118,0
DA:121,0
DA:123,0
DA:128,1
DA:129,1
DA:133,0
LF:32
LH:19
BRDA:20,0,0,1
BRDA:20,0,1,0
BRDA:28,1,0,1
BRDA:28,1,1,0
BRDA:34,2,0,0
BRDA:34,2,1,1
BRDA:38,3,0,0
BRDA:38,3,1,0
BRDA:44,4,0,1
BRDA:44,4,1,0
BRDA:48,5,0,1
BRDA:48,5,1,0
BRDA:53,6,0,1
BRDA:53,6,1,0
BRDA:74,7,0,1
BRDA:74,7,1,0
BRDA:75,8,0,1
BRDA:75,8,1,0
BRDA:76,9,0,1
BRDA:76,9,1,0
BRDA:78,10,0,1
BRDA:78,10,1,0
BRDA:87,11,0,1
BRDA:87,11,1,0
BRDA:97,12,0,0
BRDA:97,12,1,0
BRDA:98,13,0,0
BRDA:98,13,1,0
BRDA:99,14,0,0
BRDA:99,14,1,0
BRDA:100,15,0,0
BRDA:100,15,1,0
BRDA:108,16,0,0
BRDA:108,16,1,0
BRDA:128,17,0,1
BRDA:128,17,1,0
BRF:36
BRH:12
end_of_record
TN:
SF:src\modules\focus\dto\create-session.dto.ts
FNF:0
FNH:0
DA:1,0
DA:3,0
DA:6,0
DA:10,0
DA:15,0
DA:19,0
DA:22,0
DA:26,0
DA:29,0
DA:32,0
DA:36,0
DA:42,0
DA:46,0
LF:13
LH:0
BRF:0
BRH:0
end_of_record
TN:
SF:src\modules\videos\videos.controller.ts
FN:23,(anonymous_4)
FN:26,(anonymous_5)
FN:31,(anonymous_6)
FN:36,(anonymous_7)
FN:45,(anonymous_8)
FN:77,(anonymous_9)
FN:92,(anonymous_10)
FN:112,(anonymous_11)
FN:121,(anonymous_12)
FN:63,(anonymous_13)
FN:69,(anonymous_14)
FNF:11
FNH:0
FNDA:0,(anonymous_4)
FNDA:0,(anonymous_5)
FNDA:0,(anonymous_6)
FNDA:0,(anonymous_7)
FNDA:0,(anonymous_8)
FNDA:0,(anonymous_9)
FNDA:0,(anonymous_10)
FNDA:0,(anonymous_11)
FNDA:0,(anonymous_12)
FNDA:0,(anonymous_13)
FNDA:0,(anonymous_14)
DA:1,0
DA:13,0
DA:14,0
DA:15,0
DA:16,0
DA:17,0
DA:19,0
DA:22,0
DA:23,0
DA:26,0
DA:27,0
DA:31,0
DA:32,0
DA:36,0
DA:37,0
DA:38,0
DA:39,0
DA:41,0
DA:45,0
DA:56,0
DA:64,0
DA:65,0
DA:67,0
DA:70,0
DA:71,0
DA:72,0
DA:77,0
DA:81,0
DA:82,0
DA:92,0
DA:104,0
DA:105,0
DA:106,0
DA:108,0
DA:112,0
DA:113,0
DA:114,0
DA:115,0
DA:117,0
DA:121,0
DA:122,0
DA:123,0
DA:124,0
DA:126,0
LF:44
LH:0
BRDA:38,0,0,0
BRDA:38,0,1,0
BRDA:81,1,0,0
BRDA:81,1,1,0
BRDA:83,2,0,0
BRDA:83,2,1,0
BRDA:83,3,0,0
BRDA:83,3,1,0
BRDA:84,4,0,0
BRDA:84,4,1,0
BRDA:87,5,0,0
BRDA:87,5,1,0
BRDA:105,6,0,0
BRDA:105,6,1,0
BRDA:114,7,0,0
BRDA:114,7,1,0
BRDA:123,8,0,0
BRDA:123,8,1,0
BRDA:64,9,0,0
BRDA:64,9,1,0
BRDA:71,10,0,0
BRDA:71,10,1,0
BRF:22
BRH:0
end_of_record
TN:
SF:src\modules\videos\videos.service.ts
FN:19,(anonymous_2)
FN:21,(anonymous_3)
FN:25,(anonymous_4)
FN:43,(anonymous_5)
FN:49,(anonymous_6)
FN:51,(anonymous_7)
FN:63,(anonymous_8)
FN:78,(anonymous_9)
FN:122,(anonymous_10)
FN:144,(anonymous_11)
FN:169,(anonymous_12)
FN:199,(anonymous_13)
FNF:12
FNH:0
FNDA:0,(anonymous_2)
FNDA:0,(anonymous_3)
FNDA:0,(anonymous_4)
FNDA:0,(anonymous_5)
FNDA:0,(anonymous_6)
FNDA:0,(anonymous_7)
FNDA:0,(anonymous_8)
FNDA:0,(anonymous_9)
FNDA:0,(anonymous_10)
FNDA:0,(anonymous_11)
FNDA:0,(anonymous_12)
FNDA:0,(anonymous_13)
DA:1,0
DA:2,0
DA:3,0
DA:4,0
DA:18,0
DA:19,0
DA:22,0
DA:26,0
DA:27,0
DA:28,0
DA:44,0
DA:49,0
DA:51,0
DA:64,0
DA:65,0
DA:66,0
DA:79,0
DA:83,0
DA:84,0
DA:96,0
DA:97,0
DA:98,0
DA:110,0
DA:123,0
DA:127,0
DA:132,0
DA:145,0
DA:157,0
DA:170,0
DA:171,0
DA:184,0
DA:195,0
DA:200,0
DA:201,0
DA:202,0
DA:205,0
DA:208,0
DA:209,0
DA:210,0
DA:211,0
DA:212,0
DA:213,0
DA:215,0
DA:220,0
DA:221,0
DA:222,0
DA:223,0
DA:229,0
DA:231,0
LF:49
LH:0
BRDA:27,0,0,0
BRDA:27,0,1,0
BRDA:49,1,0,0
BRDA:49,1,1,0
BRDA:49,2,0,0
BRDA:49,2,1,0
BRDA:65,3,0,0
BRDA:65,3,1,0
BRDA:83,4,0,0
BRDA:83,4,1,0
BRDA:97,5,0,0
BRDA:97,5,1,0
BRDA:147,6,0,0
BRDA:147,6,1,0
BRDA:148,7,0,0
BRDA:148,7,1,0
BRDA:149,8,0,0
BRDA:149,8,1,0
BRDA:151,9,0,0
BRDA:151,9,1,0
BRDA:152,10,0,0
BRDA:152,10,1,0
BRDA:174,11,0,0
BRDA:174,11,1,0
BRDA:175,12,0,0
BRDA:175,12,1,0
BRDA:176,13,0,0
BRDA:176,13,1,0
BRDA:177,14,0,0
BRDA:177,14,1,0
BRDA:178,15,0,0
BRDA:178,15,1,0
BRDA:179,16,0,0
BRDA:179,16,1,0
BRDA:180,17,0,0
BRDA:180,17,1,0
BRDA:202,18,0,0
BRDA:202,18,1,0
BRDA:208,19,0,0
BRDA:208,19,1,0
BRDA:208,20,0,0
BRDA:208,20,1,0
BRDA:211,21,0,0
BRDA:211,21,1,0
BRDA:220,22,0,0
BRDA:220,22,1,0
BRDA:222,23,0,0
BRDA:222,23,1,0
BRF:48
BRH:0
end_of_record
TN:
SF:src\prisma\prisma.service.ts
FN:6,(anonymous_1)
FN:10,(anonymous_2)
FNF:2
FNH:0
FNDA:0,(anonymous_1)
FNDA:0,(anonymous_2)
DA:1,2
DA:2,2
DA:5,2
DA:7,0
DA:11,0
LF:5
LH:3
BRF:0
BRH:0
end_of_record
